<?xml version="1.0" encoding="UTF-8"?>
<!-- Generated by org.testng.reporters.JUnitReportReporter -->
<testsuite hostname="MT202001-0097.local" failures="0" tests="2" name="cucumber.TestNGTestRunner" time="17.909" errors="0" timestamp="2024-12-08T11:22:03 IST" skipped="0">
  <testcase classname="cucumber.TestNGTestRunner" name="runScenario" time="8.726"/>
  <testcase classname="cucumber.TestNGTestRunner" name="runScenario" time="9.183"/>
</testsuite> <!-- cucumber.TestNGTestRunner -->
