<?xml version="1.0" encoding="UTF-8"?>
<!-- Generated by org.testng.reporters.JUnitReportReporter -->
<testsuite hostname="MT202001-0097.local" failures="0" tests="2" name="sampleproject.Test.Adminlogin" time="9.645" errors="0" timestamp="2024-12-15T18:25:44 IST" skipped="0">
  <testcase classname="sampleproject.Test.Adminlogin" name="fillform" time="4.462"/>
  <testcase classname="sampleproject.Test.Adminlogin" name="StaffloginTest" time="5.183"/>
</testsuite> <!-- sampleproject.Test.Adminlogin -->
