<?xml version="1.0" encoding="UTF-8"?>
<!-- Generated by org.testng.reporters.JUnitReportReporter -->
<testsuite hostname="MT202001-0097.local" failures="0" tests="2" name="cucumber.TestNGTestRunner" time="30.385" errors="0" timestamp="2024-12-02T22:22:10 IST" skipped="0">
  <testcase classname="cucumber.TestNGTestRunner" name="runScenario" time="17.088"/>
  <testcase classname="cucumber.TestNGTestRunner" name="runScenario" time="13.297"/>
</testsuite> <!-- cucumber.TestNGTestRunner -->
